  Game.cpp
c:\users\haoqi\desktop\lahack\lahack\game.cpp(107): warning C4018: '<': signed/unsigned mismatch
c:\users\haoqi\desktop\lahack\lahack\game.cpp(118): warning C4244: 'initializing': conversion from 'double' to 'float', possible loss of data
c:\users\haoqi\desktop\lahack\lahack\game.cpp(121): warning C4305: '=': truncation from 'double' to 'float'
c:\users\haoqi\desktop\lahack\lahack\game.cpp(125): warning C4018: '<': signed/unsigned mismatch
c:\users\haoqi\desktop\lahack\lahack\game.cpp(129): warning C4018: '<': signed/unsigned mismatch
c:\users\haoqi\desktop\lahack\lahack\game.cpp(169): warning C4018: '<': signed/unsigned mismatch
c:\users\haoqi\desktop\lahack\lahack\game.cpp(206): warning C4305: 'argument': truncation from 'double' to 'float'
c:\users\haoqi\desktop\lahack\lahack\game.cpp(319): warning C4018: '<': signed/unsigned mismatch
c:\users\haoqi\desktop\lahack\lahack\game.cpp(323): warning C4244: 'argument': conversion from 'int' to 'float', possible loss of data
c:\users\haoqi\desktop\lahack\lahack\game.cpp(327): warning C4244: 'argument': conversion from 'int' to 'float', possible loss of data
c:\users\haoqi\desktop\lahack\lahack\game.cpp(332): warning C4244: 'argument': conversion from 'int' to 'float', possible loss of data
c:\users\haoqi\desktop\lahack\lahack\game.cpp(337): warning C4244: 'argument': conversion from 'int' to 'float', possible loss of data
c:\users\haoqi\desktop\lahack\lahack\game.cpp(341): warning C4244: 'argument': conversion from 'int' to 'float', possible loss of data
c:\users\haoqi\desktop\lahack\lahack\game.cpp(346): warning C4244: 'argument': conversion from 'int' to 'float', possible loss of data
c:\users\haoqi\desktop\lahack\lahack\game.cpp(351): warning C4244: 'argument': conversion from 'int' to 'float', possible loss of data
c:\users\haoqi\desktop\lahack\lahack\game.cpp(356): warning C4244: 'argument': conversion from 'int' to 'float', possible loss of data
c:\users\haoqi\desktop\lahack\lahack\game.cpp(361): warning C4244: 'argument': conversion from 'int' to 'float', possible loss of data
c:\users\haoqi\desktop\lahack\lahack\game.cpp(366): warning C4244: 'argument': conversion from 'int' to 'float', possible loss of data
c:\users\haoqi\desktop\lahack\lahack\game.cpp(372): warning C4244: 'argument': conversion from 'int' to 'float', possible loss of data
c:\users\haoqi\desktop\lahack\lahack\game.cpp(377): warning C4244: 'argument': conversion from 'int' to 'float', possible loss of data
c:\users\haoqi\desktop\lahack\lahack\game.cpp(382): warning C4244: 'argument': conversion from 'int' to 'float', possible loss of data
  Words.cpp
  Generating code
  2 of 2142 functions (<0.1%) were compiled, the rest were copied from previous compilation.
    0 functions were new in current compilation
    0 functions had inline decision re-evaluated but remain unchanged
  Finished generating code
  Game.vcxproj -> C:\Users\haoqi\Desktop\LAHack\LAHACK\Release\Game.exe
  C:\Users\haoqi\Desktop\LAHack\LAHACK\\..\Libraries\SDL\lib\win\x86\libfreetype-6.dll
  C:\Users\haoqi\Desktop\LAHack\LAHACK\\..\Libraries\SDL\lib\win\x86\libogg-0.dll
  C:\Users\haoqi\Desktop\LAHack\LAHACK\\..\Libraries\SDL\lib\win\x86\libpng16-16.dll
  C:\Users\haoqi\Desktop\LAHack\LAHACK\\..\Libraries\SDL\lib\win\x86\libvorbis-0.dll
  C:\Users\haoqi\Desktop\LAHack\LAHACK\\..\Libraries\SDL\lib\win\x86\libvorbisfile-3.dll
  C:\Users\haoqi\Desktop\LAHack\LAHACK\\..\Libraries\SDL\lib\win\x86\SDL2.dll
  C:\Users\haoqi\Desktop\LAHack\LAHACK\\..\Libraries\SDL\lib\win\x86\SDL2_image.dll
  C:\Users\haoqi\Desktop\LAHack\LAHACK\\..\Libraries\SDL\lib\win\x86\SDL2_mixer.dll
  C:\Users\haoqi\Desktop\LAHack\LAHACK\\..\Libraries\SDL\lib\win\x86\SDL2_ttf.dll
  C:\Users\haoqi\Desktop\LAHack\LAHACK\\..\Libraries\SDL\lib\win\x86\zlib1.dll
  10 File(s) copied
  C:\Users\haoqi\Desktop\LAHack\LAHACK\\..\Libraries\GLEW\lib\win\x86\glew32.dll
  1 File(s) copied
